mode: set
crud/src/frameworks/repositories/books_repository.go:14.96,18.16 3 1
crud/src/frameworks/repositories/books_repository.go:22.2,38.16 3 1
crud/src/frameworks/repositories/books_repository.go:42.2,42.20 1 1
crud/src/frameworks/repositories/books_repository.go:18.16,20.3 1 0
crud/src/frameworks/repositories/books_repository.go:38.16,40.3 1 0
crud/src/frameworks/repositories/books_repository.go:46.77,50.16 3 1
crud/src/frameworks/repositories/books_repository.go:53.2,65.16 3 1
crud/src/frameworks/repositories/books_repository.go:69.2,69.20 1 1
crud/src/frameworks/repositories/books_repository.go:50.16,52.3 1 0
crud/src/frameworks/repositories/books_repository.go:65.16,67.3 1 0
crud/src/frameworks/repositories/books_repository.go:73.69,81.18 5 1
crud/src/frameworks/repositories/books_repository.go:99.2,99.16 1 1
crud/src/frameworks/repositories/books_repository.go:103.2,103.26 1 1
crud/src/frameworks/repositories/books_repository.go:81.18,94.17 3 1
crud/src/frameworks/repositories/books_repository.go:94.17,95.9 1 0
crud/src/frameworks/repositories/books_repository.go:99.16,101.3 1 0
crud/src/frameworks/repositories/books_repository.go:107.107,110.23 2 1
crud/src/frameworks/repositories/books_repository.go:113.2,113.23 1 1
crud/src/frameworks/repositories/books_repository.go:116.2,116.34 1 1
crud/src/frameworks/repositories/books_repository.go:119.2,119.22 1 1
crud/src/frameworks/repositories/books_repository.go:123.2,127.16 4 1
crud/src/frameworks/repositories/books_repository.go:132.2,143.16 3 1
crud/src/frameworks/repositories/books_repository.go:146.2,146.20 1 1
crud/src/frameworks/repositories/books_repository.go:110.23,112.3 1 1
crud/src/frameworks/repositories/books_repository.go:113.23,115.3 1 1
crud/src/frameworks/repositories/books_repository.go:116.34,118.3 1 1
crud/src/frameworks/repositories/books_repository.go:119.22,121.3 1 1
crud/src/frameworks/repositories/books_repository.go:127.16,130.3 2 0
crud/src/frameworks/repositories/books_repository.go:143.16,145.3 1 0
crud/src/frameworks/repositories/books_repository.go:150.75,154.16 3 1
crud/src/frameworks/repositories/books_repository.go:158.2,169.16 3 1
crud/src/frameworks/repositories/books_repository.go:173.2,173.20 1 1
crud/src/frameworks/repositories/books_repository.go:154.16,156.3 1 0
crud/src/frameworks/repositories/books_repository.go:169.16,171.3 1 0
crud/src/frameworks/repositories/books_repository.go:177.79,180.2 1 0
crud/src/frameworks/repositories/books_repository.go:183.51,185.2 1 1
crud/src/applications/books/books.go:13.95,16.16 2 1
crud/src/applications/books/books.go:20.2,20.20 1 1
crud/src/applications/books/books.go:16.16,18.3 1 0
crud/src/applications/books/books.go:23.70,27.63 2 1
crud/src/applications/books/books.go:30.2,30.16 1 1
crud/src/applications/books/books.go:34.2,34.20 1 1
crud/src/applications/books/books.go:27.63,29.3 1 0
crud/src/applications/books/books.go:30.16,32.3 1 0
crud/src/applications/books/books.go:37.65,41.63 2 1
crud/src/applications/books/books.go:44.2,44.16 1 1
crud/src/applications/books/books.go:48.2,48.20 1 1
crud/src/applications/books/books.go:41.63,43.3 1 0
crud/src/applications/books/books.go:44.16,46.3 1 0
crud/src/applications/books/books.go:51.104,54.16 2 1
crud/src/applications/books/books.go:58.2,58.20 1 1
crud/src/applications/books/books.go:54.16,56.3 1 0
crud/src/applications/books/books.go:61.72,64.16 2 1
crud/src/applications/books/books.go:68.2,68.20 1 1
crud/src/applications/books/books.go:64.16,66.3 1 0
crud/src/applications/books/books.go:72.61,74.2 1 1
crud/src/frameworks/adapters/mux_middleware_adapt.go:10.88,11.46 1 1
crud/src/frameworks/adapters/mux_middleware_adapt.go:11.46,13.76 1 1
crud/src/frameworks/adapters/mux_middleware_adapt.go:13.76,21.4 1 0
crud/src/frameworks/adapters/mux_router_adapt.go:13.113,14.58 1 1
crud/src/frameworks/adapters/mux_router_adapt.go:14.58,16.18 1 1
crud/src/frameworks/adapters/mux_router_adapt.go:23.3,33.25 5 1
crud/src/frameworks/adapters/mux_router_adapt.go:16.18,18.18 2 0
crud/src/frameworks/adapters/mux_router_adapt.go:18.18,20.5 1 0
crud/src/frameworks/adapters/mux_router_adapt.go:33.25,35.4 1 0
crud/src/interfaces/controllers/create_book_controller.go:17.89,22.16 3 1
crud/src/interfaces/controllers/create_book_controller.go:28.2,30.3 1 1
crud/src/interfaces/controllers/create_book_controller.go:22.16,26.3 1 1
crud/src/interfaces/controllers/create_book_controller.go:34.74,36.2 1 1
crud/src/interfaces/controllers/delete_book_controller.go:17.89,19.16 2 1
crud/src/interfaces/controllers/delete_book_controller.go:25.2,26.16 2 1
crud/src/interfaces/controllers/delete_book_controller.go:32.2,34.3 1 1
crud/src/interfaces/controllers/delete_book_controller.go:19.16,23.3 1 1
crud/src/interfaces/controllers/delete_book_controller.go:26.16,30.3 1 1
crud/src/interfaces/controllers/delete_book_controller.go:38.74,40.2 1 1
crud/src/interfaces/controllers/index_book_controller.go:16.88,18.16 2 1
crud/src/interfaces/controllers/index_book_controller.go:24.2,26.16 2 1
crud/src/interfaces/controllers/index_book_controller.go:32.2,32.19 1 1
crud/src/interfaces/controllers/index_book_controller.go:38.2,41.3 1 1
crud/src/interfaces/controllers/index_book_controller.go:18.16,22.3 1 1
crud/src/interfaces/controllers/index_book_controller.go:26.16,30.3 1 1
crud/src/interfaces/controllers/index_book_controller.go:32.19,36.3 1 0
crud/src/interfaces/controllers/index_book_controller.go:45.72,47.2 1 1
crud/src/interfaces/controllers/show_book_controller.go:16.87,19.16 2 1
crud/src/interfaces/controllers/show_book_controller.go:25.2,25.19 1 1
crud/src/interfaces/controllers/show_book_controller.go:31.2,34.3 1 1
crud/src/interfaces/controllers/show_book_controller.go:19.16,23.3 1 1
crud/src/interfaces/controllers/show_book_controller.go:25.19,29.3 1 0
crud/src/interfaces/controllers/show_book_controller.go:38.71,40.2 1 1
crud/src/interfaces/controllers/update_book_controller.go:18.89,20.16 2 1
crud/src/interfaces/controllers/update_book_controller.go:25.2,28.16 3 1
crud/src/interfaces/controllers/update_book_controller.go:34.2,37.3 1 1
crud/src/interfaces/controllers/update_book_controller.go:20.16,24.3 1 1
crud/src/interfaces/controllers/update_book_controller.go:28.16,32.3 1 1
crud/src/interfaces/controllers/update_book_controller.go:41.73,43.2 1 1
